2014-04-23 23:00:19,077 [Worker-11] INFO  o.e.m.c.i.l.LifecycleMappingFactory - Using org.maven.ide.eclipse.wtp.WarLifecycleMapping lifecycle mapping for MavenProject: com.ogtime:clinicplus:1.0.0-BUILD-SNAPSHOT @ /Users/jonathandesjardins/ClinicPlusBD/clinicPlus/pom.xml.
2014-04-23 23:00:56,414 [Worker-12] INFO  o.e.m.c.i.l.LifecycleMappingFactory - Using org.maven.ide.eclipse.wtp.WarLifecycleMapping lifecycle mapping for MavenProject: com.ogtime:clinicplus:1.0.0-BUILD-SNAPSHOT @ /Users/jonathandesjardins/ClinicPlusBD/clinicPlus/pom.xml.
2014-04-23 23:00:59,900 [Worker-12] WARN  o.e.m.c.i.embedder.EclipseLogger - Using platform encoding (US-ASCII actually) to copy filtered resources, i.e. build is platform dependent!
2014-04-23 23:00:59,913 [Worker-12] INFO  o.e.m.c.i.embedder.EclipseLogger - Copying 3 resources
2014-04-23 23:00:59,965 [Worker-12] WARN  o.e.m.c.i.embedder.EclipseLogger - Using platform encoding (US-ASCII actually) to copy filtered resources, i.e. build is platform dependent!
2014-04-23 23:00:59,966 [Worker-12] INFO  o.e.m.c.i.embedder.EclipseLogger - Copying 1 resource
2014-04-23 23:01:17,224 [Worker-13] WARN  o.e.m.c.i.embedder.EclipseLogger - Using platform encoding (US-ASCII actually) to copy filtered resources, i.e. build is platform dependent!
2014-04-23 23:01:17,227 [Worker-13] INFO  o.e.m.c.i.embedder.EclipseLogger - Copying 3 resources
2014-04-23 23:01:17,230 [Worker-13] WARN  o.e.m.c.i.embedder.EclipseLogger - Using platform encoding (US-ASCII actually) to copy filtered resources, i.e. build is platform dependent!
2014-04-23 23:01:17,231 [Worker-13] INFO  o.e.m.c.i.embedder.EclipseLogger - Copying 1 resource
2014-04-23 23:01:29,379 [Worker-12] WARN  o.e.m.c.i.embedder.EclipseLogger - Using platform encoding (US-ASCII actually) to copy filtered resources, i.e. build is platform dependent!
2014-04-23 23:01:29,399 [Worker-12] INFO  o.e.m.c.i.embedder.EclipseLogger - Copying 3 resources
2014-04-23 23:01:29,403 [Worker-12] WARN  o.e.m.c.i.embedder.EclipseLogger - Using platform encoding (US-ASCII actually) to copy filtered resources, i.e. build is platform dependent!
2014-04-23 23:01:29,404 [Worker-12] INFO  o.e.m.c.i.embedder.EclipseLogger - Copying 1 resource
2014-04-23 23:01:40,568 [Worker-15] WARN  o.e.m.c.i.embedder.EclipseLogger - Using platform encoding (US-ASCII actually) to copy filtered resources, i.e. build is platform dependent!
2014-04-23 23:01:40,581 [Worker-15] INFO  o.e.m.c.i.embedder.EclipseLogger - Copying 3 resources
2014-04-23 23:01:40,585 [Worker-15] WARN  o.e.m.c.i.embedder.EclipseLogger - Using platform encoding (US-ASCII actually) to copy filtered resources, i.e. build is platform dependent!
2014-04-23 23:01:40,611 [Worker-15] INFO  o.e.m.c.i.embedder.EclipseLogger - Copying 1 resource
2014-04-23 23:01:50,240 [Worker-8] WARN  o.e.m.c.i.embedder.EclipseLogger - Using platform encoding (US-ASCII actually) to copy filtered resources, i.e. build is platform dependent!
2014-04-23 23:01:50,242 [Worker-8] INFO  o.e.m.c.i.embedder.EclipseLogger - Copying 3 resources
2014-04-23 23:01:50,246 [Worker-8] WARN  o.e.m.c.i.embedder.EclipseLogger - Using platform encoding (US-ASCII actually) to copy filtered resources, i.e. build is platform dependent!
2014-04-23 23:01:50,247 [Worker-8] INFO  o.e.m.c.i.embedder.EclipseLogger - Copying 1 resource
2014-04-23 23:01:59,535 [Worker-16] WARN  o.e.m.c.i.embedder.EclipseLogger - Using platform encoding (US-ASCII actually) to copy filtered resources, i.e. build is platform dependent!
2014-04-23 23:01:59,537 [Worker-16] INFO  o.e.m.c.i.embedder.EclipseLogger - Copying 3 resources
2014-04-23 23:01:59,540 [Worker-16] WARN  o.e.m.c.i.embedder.EclipseLogger - Using platform encoding (US-ASCII actually) to copy filtered resources, i.e. build is platform dependent!
2014-04-23 23:01:59,541 [Worker-16] INFO  o.e.m.c.i.embedder.EclipseLogger - Copying 1 resource
2014-04-23 23:02:01,514 [Worker-12] INFO  o.e.m.c.i.l.LifecycleMappingFactory - Using org.maven.ide.eclipse.wtp.WarLifecycleMapping lifecycle mapping for MavenProject: com.ogtime:clinicplus:1.0.0-BUILD-SNAPSHOT @ /Users/jonathandesjardins/ClinicPlusBD/clinicPlus/pom.xml.
2014-04-23 23:02:12,767 [Worker-17] WARN  o.e.m.c.i.embedder.EclipseLogger - Using platform encoding (US-ASCII actually) to copy filtered resources, i.e. build is platform dependent!
2014-04-23 23:02:12,769 [Worker-17] INFO  o.e.m.c.i.embedder.EclipseLogger - Copying 3 resources
2014-04-23 23:02:12,771 [Worker-17] WARN  o.e.m.c.i.embedder.EclipseLogger - Using platform encoding (US-ASCII actually) to copy filtered resources, i.e. build is platform dependent!
2014-04-23 23:02:12,772 [Worker-17] INFO  o.e.m.c.i.embedder.EclipseLogger - Copying 1 resource
2014-04-23 23:02:14,702 [Worker-0] WARN  o.e.m.c.i.embedder.EclipseLogger - Using platform encoding (US-ASCII actually) to copy filtered resources, i.e. build is platform dependent!
2014-04-23 23:02:14,734 [Worker-0] INFO  o.e.m.c.i.embedder.EclipseLogger - Copying 0 resource
2014-04-23 23:02:14,738 [Worker-0] WARN  o.e.m.c.i.embedder.EclipseLogger - Using platform encoding (US-ASCII actually) to copy filtered resources, i.e. build is platform dependent!
2014-04-23 23:02:14,739 [Worker-0] INFO  o.e.m.c.i.embedder.EclipseLogger - Copying 0 resource
2014-04-23 23:03:29,412 [Worker-9] WARN  o.e.m.c.i.embedder.EclipseLogger - Using platform encoding (US-ASCII actually) to copy filtered resources, i.e. build is platform dependent!
2014-04-23 23:03:29,413 [Worker-9] INFO  o.e.m.c.i.embedder.EclipseLogger - Copying 0 resource
2014-04-23 23:03:29,415 [Worker-9] WARN  o.e.m.c.i.embedder.EclipseLogger - Using platform encoding (US-ASCII actually) to copy filtered resources, i.e. build is platform dependent!
2014-04-23 23:03:29,415 [Worker-9] INFO  o.e.m.c.i.embedder.EclipseLogger - Copying 0 resource
2014-04-23 23:03:33,687 [Worker-12] WARN  o.e.m.c.i.embedder.EclipseLogger - Using platform encoding (US-ASCII actually) to copy filtered resources, i.e. build is platform dependent!
2014-04-23 23:03:33,687 [Worker-12] INFO  o.e.m.c.i.embedder.EclipseLogger - Copying 0 resource
2014-04-23 23:03:33,690 [Worker-12] WARN  o.e.m.c.i.embedder.EclipseLogger - Using platform encoding (US-ASCII actually) to copy filtered resources, i.e. build is platform dependent!
2014-04-23 23:03:33,690 [Worker-12] INFO  o.e.m.c.i.embedder.EclipseLogger - Copying 0 resource
2014-04-24 12:16:24,471 [Worker-0] INFO  o.e.m.c.i.l.LifecycleMappingFactory - Using org.maven.ide.eclipse.wtp.WarLifecycleMapping lifecycle mapping for MavenProject: com.ogtime:clinicplus:1.0.0-BUILD-SNAPSHOT @ /Users/jonathandesjardins/ClinicPlusBD/clinicPlus/pom.xml.
2014-04-24 12:17:36,071 [Worker-6] INFO  o.e.m.c.i.l.LifecycleMappingFactory - Using org.maven.ide.eclipse.wtp.WarLifecycleMapping lifecycle mapping for MavenProject: com.ogtime:clinicplus:1.0.0-BUILD-SNAPSHOT @ /Users/jonathandesjardins/ClinicPlusBD/clinicPlus/pom.xml.
2014-04-24 12:17:39,355 [Worker-6] WARN  o.e.m.c.i.embedder.EclipseLogger - Using platform encoding (US-ASCII actually) to copy filtered resources, i.e. build is platform dependent!
2014-04-24 12:17:39,362 [Worker-6] INFO  o.e.m.c.i.embedder.EclipseLogger - Copying 3 resources
2014-04-24 12:17:39,396 [Worker-6] WARN  o.e.m.c.i.embedder.EclipseLogger - Using platform encoding (US-ASCII actually) to copy filtered resources, i.e. build is platform dependent!
2014-04-24 12:17:39,397 [Worker-6] INFO  o.e.m.c.i.embedder.EclipseLogger - Copying 1 resource
2014-04-24 12:17:40,818 [Worker-9] INFO  o.e.m.c.i.l.LifecycleMappingFactory - Using org.maven.ide.eclipse.wtp.WarLifecycleMapping lifecycle mapping for MavenProject: com.ogtime:clinicplus:1.0.0-BUILD-SNAPSHOT @ /Users/jonathandesjardins/ClinicPlusBD/clinicPlus/pom.xml.
2014-04-24 12:17:45,665 [Worker-5] WARN  o.e.m.c.i.embedder.EclipseLogger - Using platform encoding (US-ASCII actually) to copy filtered resources, i.e. build is platform dependent!
2014-04-24 12:17:45,685 [Worker-5] INFO  o.e.m.c.i.embedder.EclipseLogger - Copying 0 resource
2014-04-24 12:17:45,687 [Worker-5] WARN  o.e.m.c.i.embedder.EclipseLogger - Using platform encoding (US-ASCII actually) to copy filtered resources, i.e. build is platform dependent!
2014-04-24 12:17:45,687 [Worker-5] INFO  o.e.m.c.i.embedder.EclipseLogger - Copying 0 resource
2014-04-24 12:25:37,841 [Worker-20] WARN  o.e.m.c.i.embedder.EclipseLogger - Using platform encoding (US-ASCII actually) to copy filtered resources, i.e. build is platform dependent!
2014-04-24 12:25:37,866 [Worker-20] INFO  o.e.m.c.i.embedder.EclipseLogger - Copying 0 resource
2014-04-24 12:25:37,869 [Worker-20] WARN  o.e.m.c.i.embedder.EclipseLogger - Using platform encoding (US-ASCII actually) to copy filtered resources, i.e. build is platform dependent!
2014-04-24 12:25:37,869 [Worker-20] INFO  o.e.m.c.i.embedder.EclipseLogger - Copying 0 resource
2014-04-24 12:27:03,562 [Worker-2] WARN  o.e.m.c.i.embedder.EclipseLogger - Using platform encoding (US-ASCII actually) to copy filtered resources, i.e. build is platform dependent!
2014-04-24 12:27:03,576 [Worker-2] INFO  o.e.m.c.i.embedder.EclipseLogger - Copying 3 resources
2014-04-24 12:27:03,615 [Worker-2] WARN  o.e.m.c.i.embedder.EclipseLogger - Using platform encoding (US-ASCII actually) to copy filtered resources, i.e. build is platform dependent!
2014-04-24 12:27:03,616 [Worker-2] INFO  o.e.m.c.i.embedder.EclipseLogger - Copying 1 resource
2014-04-24 12:37:17,221 [Worker-15] WARN  o.e.m.c.i.embedder.EclipseLogger - Using platform encoding (US-ASCII actually) to copy filtered resources, i.e. build is platform dependent!
2014-04-24 12:37:17,224 [Worker-15] INFO  o.e.m.c.i.embedder.EclipseLogger - Copying 0 resource
2014-04-24 12:37:17,226 [Worker-15] WARN  o.e.m.c.i.embedder.EclipseLogger - Using platform encoding (US-ASCII actually) to copy filtered resources, i.e. build is platform dependent!
2014-04-24 12:37:17,226 [Worker-15] INFO  o.e.m.c.i.embedder.EclipseLogger - Copying 0 resource
2014-05-02 11:06:57,608 [Worker-2] WARN  o.e.m.c.i.embedder.EclipseLogger - Using platform encoding (US-ASCII actually) to copy filtered resources, i.e. build is platform dependent!
2014-05-02 11:06:57,647 [Worker-2] INFO  o.e.m.c.i.embedder.EclipseLogger - Copying 3 resources
2014-05-02 11:06:57,676 [Worker-2] WARN  o.e.m.c.i.embedder.EclipseLogger - Using platform encoding (US-ASCII actually) to copy filtered resources, i.e. build is platform dependent!
2014-05-02 11:06:57,677 [Worker-2] INFO  o.e.m.c.i.embedder.EclipseLogger - Copying 1 resource
2014-05-02 18:52:43,022 [Worker-5] WARN  o.e.m.c.i.embedder.EclipseLogger - Using platform encoding (US-ASCII actually) to copy filtered resources, i.e. build is platform dependent!
2014-05-02 18:52:43,053 [Worker-5] INFO  o.e.m.c.i.embedder.EclipseLogger - Copying 3 resources
2014-05-02 18:52:43,090 [Worker-5] WARN  o.e.m.c.i.embedder.EclipseLogger - Using platform encoding (US-ASCII actually) to copy filtered resources, i.e. build is platform dependent!
2014-05-02 18:52:43,091 [Worker-5] INFO  o.e.m.c.i.embedder.EclipseLogger - Copying 1 resource
2014-05-03 15:58:14,037 [Worker-2] WARN  o.e.m.c.i.embedder.EclipseLogger - Using platform encoding (US-ASCII actually) to copy filtered resources, i.e. build is platform dependent!
2014-05-03 15:58:14,068 [Worker-2] INFO  o.e.m.c.i.embedder.EclipseLogger - Copying 3 resources
2014-05-03 15:58:14,098 [Worker-2] WARN  o.e.m.c.i.embedder.EclipseLogger - Using platform encoding (US-ASCII actually) to copy filtered resources, i.e. build is platform dependent!
2014-05-03 15:58:14,118 [Worker-2] INFO  o.e.m.c.i.embedder.EclipseLogger - Copying 1 resource
2014-05-03 18:17:17,620 [Worker-3] WARN  o.e.m.c.i.embedder.EclipseLogger - Using platform encoding (US-ASCII actually) to copy filtered resources, i.e. build is platform dependent!
2014-05-03 18:17:17,646 [Worker-3] INFO  o.e.m.c.i.embedder.EclipseLogger - Copying 3 resources
2014-05-03 18:17:17,673 [Worker-3] WARN  o.e.m.c.i.embedder.EclipseLogger - Using platform encoding (US-ASCII actually) to copy filtered resources, i.e. build is platform dependent!
2014-05-03 18:17:17,674 [Worker-3] INFO  o.e.m.c.i.embedder.EclipseLogger - Copying 1 resource
2014-05-04 13:08:45,723 [Worker-6] WARN  o.e.m.c.i.embedder.EclipseLogger - Using platform encoding (US-ASCII actually) to copy filtered resources, i.e. build is platform dependent!
2014-05-04 13:08:45,772 [Worker-6] INFO  o.e.m.c.i.embedder.EclipseLogger - Copying 3 resources
2014-05-04 13:08:45,800 [Worker-6] WARN  o.e.m.c.i.embedder.EclipseLogger - Using platform encoding (US-ASCII actually) to copy filtered resources, i.e. build is platform dependent!
2014-05-04 13:08:45,801 [Worker-6] INFO  o.e.m.c.i.embedder.EclipseLogger - Copying 1 resource
2014-05-04 14:21:41,656 [Worker-34] WARN  o.e.m.c.i.embedder.EclipseLogger - Using platform encoding (US-ASCII actually) to copy filtered resources, i.e. build is platform dependent!
2014-05-04 14:21:41,676 [Worker-34] INFO  o.e.m.c.i.embedder.EclipseLogger - Copying 0 resource
2014-05-04 14:21:41,678 [Worker-34] WARN  o.e.m.c.i.embedder.EclipseLogger - Using platform encoding (US-ASCII actually) to copy filtered resources, i.e. build is platform dependent!
2014-05-04 14:21:41,679 [Worker-34] INFO  o.e.m.c.i.embedder.EclipseLogger - Copying 0 resource
2014-05-04 14:37:19,982 [Worker-34] WARN  o.e.m.c.i.embedder.EclipseLogger - Using platform encoding (US-ASCII actually) to copy filtered resources, i.e. build is platform dependent!
2014-05-04 14:37:19,982 [Worker-34] INFO  o.e.m.c.i.embedder.EclipseLogger - Copying 0 resource
2014-05-04 14:37:19,984 [Worker-34] WARN  o.e.m.c.i.embedder.EclipseLogger - Using platform encoding (US-ASCII actually) to copy filtered resources, i.e. build is platform dependent!
2014-05-04 14:37:19,985 [Worker-34] INFO  o.e.m.c.i.embedder.EclipseLogger - Copying 0 resource
2014-05-04 14:38:47,090 [Worker-34] WARN  o.e.m.c.i.embedder.EclipseLogger - Using platform encoding (US-ASCII actually) to copy filtered resources, i.e. build is platform dependent!
2014-05-04 14:38:47,091 [Worker-34] INFO  o.e.m.c.i.embedder.EclipseLogger - Copying 0 resource
2014-05-04 14:38:47,092 [Worker-34] WARN  o.e.m.c.i.embedder.EclipseLogger - Using platform encoding (US-ASCII actually) to copy filtered resources, i.e. build is platform dependent!
2014-05-04 14:38:47,093 [Worker-34] INFO  o.e.m.c.i.embedder.EclipseLogger - Copying 0 resource
2014-05-04 14:53:55,495 [Worker-45] WARN  o.e.m.c.i.embedder.EclipseLogger - Using platform encoding (US-ASCII actually) to copy filtered resources, i.e. build is platform dependent!
2014-05-04 14:53:55,496 [Worker-45] INFO  o.e.m.c.i.embedder.EclipseLogger - Copying 0 resource
2014-05-04 14:53:55,498 [Worker-45] WARN  o.e.m.c.i.embedder.EclipseLogger - Using platform encoding (US-ASCII actually) to copy filtered resources, i.e. build is platform dependent!
2014-05-04 14:53:55,541 [Worker-45] INFO  o.e.m.c.i.embedder.EclipseLogger - Copying 0 resource
2014-05-04 14:57:58,642 [Worker-47] WARN  o.e.m.c.i.embedder.EclipseLogger - Using platform encoding (US-ASCII actually) to copy filtered resources, i.e. build is platform dependent!
2014-05-04 14:57:58,643 [Worker-47] INFO  o.e.m.c.i.embedder.EclipseLogger - Copying 0 resource
2014-05-04 14:57:58,645 [Worker-47] WARN  o.e.m.c.i.embedder.EclipseLogger - Using platform encoding (US-ASCII actually) to copy filtered resources, i.e. build is platform dependent!
2014-05-04 14:57:58,645 [Worker-47] INFO  o.e.m.c.i.embedder.EclipseLogger - Copying 0 resource
2014-05-04 15:04:47,640 [Worker-48] WARN  o.e.m.c.i.embedder.EclipseLogger - Using platform encoding (US-ASCII actually) to copy filtered resources, i.e. build is platform dependent!
2014-05-04 15:04:47,641 [Worker-48] INFO  o.e.m.c.i.embedder.EclipseLogger - Copying 0 resource
2014-05-04 15:04:47,643 [Worker-48] WARN  o.e.m.c.i.embedder.EclipseLogger - Using platform encoding (US-ASCII actually) to copy filtered resources, i.e. build is platform dependent!
2014-05-04 15:04:47,643 [Worker-48] INFO  o.e.m.c.i.embedder.EclipseLogger - Copying 0 resource
2014-05-04 15:14:10,200 [Worker-51] WARN  o.e.m.c.i.embedder.EclipseLogger - Using platform encoding (US-ASCII actually) to copy filtered resources, i.e. build is platform dependent!
2014-05-04 15:14:10,200 [Worker-51] INFO  o.e.m.c.i.embedder.EclipseLogger - Copying 0 resource
2014-05-04 15:14:10,202 [Worker-51] WARN  o.e.m.c.i.embedder.EclipseLogger - Using platform encoding (US-ASCII actually) to copy filtered resources, i.e. build is platform dependent!
2014-05-04 15:14:10,203 [Worker-51] INFO  o.e.m.c.i.embedder.EclipseLogger - Copying 0 resource
2014-05-04 15:15:27,656 [Worker-56] WARN  o.e.m.c.i.embedder.EclipseLogger - Using platform encoding (US-ASCII actually) to copy filtered resources, i.e. build is platform dependent!
2014-05-04 15:15:27,656 [Worker-56] INFO  o.e.m.c.i.embedder.EclipseLogger - Copying 0 resource
2014-05-04 15:15:27,659 [Worker-56] WARN  o.e.m.c.i.embedder.EclipseLogger - Using platform encoding (US-ASCII actually) to copy filtered resources, i.e. build is platform dependent!
2014-05-04 15:15:27,660 [Worker-56] INFO  o.e.m.c.i.embedder.EclipseLogger - Copying 0 resource
2014-05-04 15:21:11,762 [Worker-56] WARN  o.e.m.c.i.embedder.EclipseLogger - Using platform encoding (US-ASCII actually) to copy filtered resources, i.e. build is platform dependent!
2014-05-04 15:21:11,762 [Worker-56] INFO  o.e.m.c.i.embedder.EclipseLogger - Copying 0 resource
2014-05-04 15:21:11,764 [Worker-56] WARN  o.e.m.c.i.embedder.EclipseLogger - Using platform encoding (US-ASCII actually) to copy filtered resources, i.e. build is platform dependent!
2014-05-04 15:21:11,764 [Worker-56] INFO  o.e.m.c.i.embedder.EclipseLogger - Copying 0 resource
2014-05-04 15:22:11,848 [Worker-58] WARN  o.e.m.c.i.embedder.EclipseLogger - Using platform encoding (US-ASCII actually) to copy filtered resources, i.e. build is platform dependent!
2014-05-04 15:22:11,849 [Worker-58] INFO  o.e.m.c.i.embedder.EclipseLogger - Copying 0 resource
2014-05-04 15:22:11,851 [Worker-58] WARN  o.e.m.c.i.embedder.EclipseLogger - Using platform encoding (US-ASCII actually) to copy filtered resources, i.e. build is platform dependent!
2014-05-04 15:22:11,851 [Worker-58] INFO  o.e.m.c.i.embedder.EclipseLogger - Copying 0 resource
2014-05-04 15:26:27,914 [Worker-61] WARN  o.e.m.c.i.embedder.EclipseLogger - Using platform encoding (US-ASCII actually) to copy filtered resources, i.e. build is platform dependent!
2014-05-04 15:26:27,915 [Worker-61] INFO  o.e.m.c.i.embedder.EclipseLogger - Copying 0 resource
2014-05-04 15:26:27,917 [Worker-61] WARN  o.e.m.c.i.embedder.EclipseLogger - Using platform encoding (US-ASCII actually) to copy filtered resources, i.e. build is platform dependent!
2014-05-04 15:26:27,917 [Worker-61] INFO  o.e.m.c.i.embedder.EclipseLogger - Copying 0 resource
2014-05-04 15:27:48,474 [Worker-59] WARN  o.e.m.c.i.embedder.EclipseLogger - Using platform encoding (US-ASCII actually) to copy filtered resources, i.e. build is platform dependent!
2014-05-04 15:27:48,474 [Worker-59] INFO  o.e.m.c.i.embedder.EclipseLogger - Copying 0 resource
2014-05-04 15:27:48,476 [Worker-59] WARN  o.e.m.c.i.embedder.EclipseLogger - Using platform encoding (US-ASCII actually) to copy filtered resources, i.e. build is platform dependent!
2014-05-04 15:27:48,476 [Worker-59] INFO  o.e.m.c.i.embedder.EclipseLogger - Copying 0 resource
2014-05-04 15:33:41,116 [Worker-59] WARN  o.e.m.c.i.embedder.EclipseLogger - Using platform encoding (US-ASCII actually) to copy filtered resources, i.e. build is platform dependent!
2014-05-04 15:33:41,116 [Worker-59] INFO  o.e.m.c.i.embedder.EclipseLogger - Copying 0 resource
2014-05-04 15:33:41,119 [Worker-59] WARN  o.e.m.c.i.embedder.EclipseLogger - Using platform encoding (US-ASCII actually) to copy filtered resources, i.e. build is platform dependent!
2014-05-04 15:33:41,119 [Worker-59] INFO  o.e.m.c.i.embedder.EclipseLogger - Copying 0 resource
2014-05-04 15:34:55,295 [Worker-64] WARN  o.e.m.c.i.embedder.EclipseLogger - Using platform encoding (US-ASCII actually) to copy filtered resources, i.e. build is platform dependent!
2014-05-04 15:34:55,296 [Worker-64] INFO  o.e.m.c.i.embedder.EclipseLogger - Copying 0 resource
2014-05-04 15:34:55,298 [Worker-64] WARN  o.e.m.c.i.embedder.EclipseLogger - Using platform encoding (US-ASCII actually) to copy filtered resources, i.e. build is platform dependent!
2014-05-04 15:34:55,299 [Worker-64] INFO  o.e.m.c.i.embedder.EclipseLogger - Copying 0 resource
2014-05-04 15:35:53,248 [Worker-63] WARN  o.e.m.c.i.embedder.EclipseLogger - Using platform encoding (US-ASCII actually) to copy filtered resources, i.e. build is platform dependent!
2014-05-04 15:35:53,249 [Worker-63] INFO  o.e.m.c.i.embedder.EclipseLogger - Copying 0 resource
2014-05-04 15:35:53,251 [Worker-63] WARN  o.e.m.c.i.embedder.EclipseLogger - Using platform encoding (US-ASCII actually) to copy filtered resources, i.e. build is platform dependent!
2014-05-04 15:35:53,252 [Worker-63] INFO  o.e.m.c.i.embedder.EclipseLogger - Copying 0 resource
2014-05-04 15:37:04,415 [Worker-65] WARN  o.e.m.c.i.embedder.EclipseLogger - Using platform encoding (US-ASCII actually) to copy filtered resources, i.e. build is platform dependent!
2014-05-04 15:37:04,415 [Worker-65] INFO  o.e.m.c.i.embedder.EclipseLogger - Copying 0 resource
2014-05-04 15:37:04,417 [Worker-65] WARN  o.e.m.c.i.embedder.EclipseLogger - Using platform encoding (US-ASCII actually) to copy filtered resources, i.e. build is platform dependent!
2014-05-04 15:37:04,418 [Worker-65] INFO  o.e.m.c.i.embedder.EclipseLogger - Copying 0 resource
2014-05-04 15:39:03,455 [Worker-59] WARN  o.e.m.c.i.embedder.EclipseLogger - Using platform encoding (US-ASCII actually) to copy filtered resources, i.e. build is platform dependent!
2014-05-04 15:39:03,455 [Worker-59] INFO  o.e.m.c.i.embedder.EclipseLogger - Copying 0 resource
2014-05-04 15:39:03,457 [Worker-59] WARN  o.e.m.c.i.embedder.EclipseLogger - Using platform encoding (US-ASCII actually) to copy filtered resources, i.e. build is platform dependent!
2014-05-04 15:39:03,457 [Worker-59] INFO  o.e.m.c.i.embedder.EclipseLogger - Copying 0 resource
2014-05-04 15:43:46,614 [Worker-68] WARN  o.e.m.c.i.embedder.EclipseLogger - Using platform encoding (US-ASCII actually) to copy filtered resources, i.e. build is platform dependent!
2014-05-04 15:43:46,615 [Worker-68] INFO  o.e.m.c.i.embedder.EclipseLogger - Copying 0 resource
2014-05-04 15:43:46,617 [Worker-68] WARN  o.e.m.c.i.embedder.EclipseLogger - Using platform encoding (US-ASCII actually) to copy filtered resources, i.e. build is platform dependent!
2014-05-04 15:43:46,617 [Worker-68] INFO  o.e.m.c.i.embedder.EclipseLogger - Copying 0 resource
2014-05-04 15:45:26,045 [Worker-68] WARN  o.e.m.c.i.embedder.EclipseLogger - Using platform encoding (US-ASCII actually) to copy filtered resources, i.e. build is platform dependent!
2014-05-04 15:45:26,046 [Worker-68] INFO  o.e.m.c.i.embedder.EclipseLogger - Copying 0 resource
2014-05-04 15:45:26,048 [Worker-68] WARN  o.e.m.c.i.embedder.EclipseLogger - Using platform encoding (US-ASCII actually) to copy filtered resources, i.e. build is platform dependent!
2014-05-04 15:45:26,048 [Worker-68] INFO  o.e.m.c.i.embedder.EclipseLogger - Copying 0 resource
2014-05-04 15:47:57,172 [Worker-70] WARN  o.e.m.c.i.embedder.EclipseLogger - Using platform encoding (US-ASCII actually) to copy filtered resources, i.e. build is platform dependent!
2014-05-04 15:47:57,173 [Worker-70] INFO  o.e.m.c.i.embedder.EclipseLogger - Copying 0 resource
2014-05-04 15:47:57,174 [Worker-70] WARN  o.e.m.c.i.embedder.EclipseLogger - Using platform encoding (US-ASCII actually) to copy filtered resources, i.e. build is platform dependent!
2014-05-04 15:47:57,175 [Worker-70] INFO  o.e.m.c.i.embedder.EclipseLogger - Copying 0 resource
2014-05-04 15:51:43,373 [Worker-68] WARN  o.e.m.c.i.embedder.EclipseLogger - Using platform encoding (US-ASCII actually) to copy filtered resources, i.e. build is platform dependent!
2014-05-04 15:51:43,374 [Worker-68] INFO  o.e.m.c.i.embedder.EclipseLogger - Copying 0 resource
2014-05-04 15:51:43,376 [Worker-68] WARN  o.e.m.c.i.embedder.EclipseLogger - Using platform encoding (US-ASCII actually) to copy filtered resources, i.e. build is platform dependent!
2014-05-04 15:51:43,376 [Worker-68] INFO  o.e.m.c.i.embedder.EclipseLogger - Copying 0 resource
2014-05-04 15:52:58,415 [Worker-68] WARN  o.e.m.c.i.embedder.EclipseLogger - Using platform encoding (US-ASCII actually) to copy filtered resources, i.e. build is platform dependent!
2014-05-04 15:52:58,415 [Worker-68] INFO  o.e.m.c.i.embedder.EclipseLogger - Copying 0 resource
2014-05-04 15:52:58,417 [Worker-68] WARN  o.e.m.c.i.embedder.EclipseLogger - Using platform encoding (US-ASCII actually) to copy filtered resources, i.e. build is platform dependent!
2014-05-04 15:52:58,417 [Worker-68] INFO  o.e.m.c.i.embedder.EclipseLogger - Copying 0 resource
2014-05-04 15:55:15,382 [Worker-71] WARN  o.e.m.c.i.embedder.EclipseLogger - Using platform encoding (US-ASCII actually) to copy filtered resources, i.e. build is platform dependent!
2014-05-04 15:55:15,382 [Worker-71] INFO  o.e.m.c.i.embedder.EclipseLogger - Copying 0 resource
2014-05-04 15:55:15,384 [Worker-71] WARN  o.e.m.c.i.embedder.EclipseLogger - Using platform encoding (US-ASCII actually) to copy filtered resources, i.e. build is platform dependent!
2014-05-04 15:55:15,384 [Worker-71] INFO  o.e.m.c.i.embedder.EclipseLogger - Copying 0 resource
2014-05-04 16:06:59,876 [Worker-77] WARN  o.e.m.c.i.embedder.EclipseLogger - Using platform encoding (US-ASCII actually) to copy filtered resources, i.e. build is platform dependent!
2014-05-04 16:06:59,876 [Worker-77] INFO  o.e.m.c.i.embedder.EclipseLogger - Copying 0 resource
2014-05-04 16:06:59,878 [Worker-77] WARN  o.e.m.c.i.embedder.EclipseLogger - Using platform encoding (US-ASCII actually) to copy filtered resources, i.e. build is platform dependent!
2014-05-04 16:06:59,879 [Worker-77] INFO  o.e.m.c.i.embedder.EclipseLogger - Copying 0 resource
2014-05-04 16:07:57,664 [Worker-77] WARN  o.e.m.c.i.embedder.EclipseLogger - Using platform encoding (US-ASCII actually) to copy filtered resources, i.e. build is platform dependent!
2014-05-04 16:07:57,665 [Worker-77] INFO  o.e.m.c.i.embedder.EclipseLogger - Copying 0 resource
2014-05-04 16:07:57,666 [Worker-77] WARN  o.e.m.c.i.embedder.EclipseLogger - Using platform encoding (US-ASCII actually) to copy filtered resources, i.e. build is platform dependent!
2014-05-04 16:07:57,667 [Worker-77] INFO  o.e.m.c.i.embedder.EclipseLogger - Copying 0 resource
2014-05-04 16:08:50,237 [Worker-75] WARN  o.e.m.c.i.embedder.EclipseLogger - Using platform encoding (US-ASCII actually) to copy filtered resources, i.e. build is platform dependent!
2014-05-04 16:08:50,238 [Worker-75] INFO  o.e.m.c.i.embedder.EclipseLogger - Copying 0 resource
2014-05-04 16:08:50,240 [Worker-75] WARN  o.e.m.c.i.embedder.EclipseLogger - Using platform encoding (US-ASCII actually) to copy filtered resources, i.e. build is platform dependent!
2014-05-04 16:08:50,240 [Worker-75] INFO  o.e.m.c.i.embedder.EclipseLogger - Copying 0 resource
2014-05-04 16:09:33,790 [Worker-77] WARN  o.e.m.c.i.embedder.EclipseLogger - Using platform encoding (US-ASCII actually) to copy filtered resources, i.e. build is platform dependent!
2014-05-04 16:09:33,790 [Worker-77] INFO  o.e.m.c.i.embedder.EclipseLogger - Copying 0 resource
2014-05-04 16:09:33,792 [Worker-77] WARN  o.e.m.c.i.embedder.EclipseLogger - Using platform encoding (US-ASCII actually) to copy filtered resources, i.e. build is platform dependent!
2014-05-04 16:09:33,793 [Worker-77] INFO  o.e.m.c.i.embedder.EclipseLogger - Copying 0 resource
2014-05-04 16:10:30,688 [Worker-77] WARN  o.e.m.c.i.embedder.EclipseLogger - Using platform encoding (US-ASCII actually) to copy filtered resources, i.e. build is platform dependent!
2014-05-04 16:10:30,689 [Worker-77] INFO  o.e.m.c.i.embedder.EclipseLogger - Copying 0 resource
2014-05-04 16:10:30,691 [Worker-77] WARN  o.e.m.c.i.embedder.EclipseLogger - Using platform encoding (US-ASCII actually) to copy filtered resources, i.e. build is platform dependent!
2014-05-04 16:10:30,691 [Worker-77] INFO  o.e.m.c.i.embedder.EclipseLogger - Copying 0 resource
2014-05-04 16:13:23,383 [Worker-82] WARN  o.e.m.c.i.embedder.EclipseLogger - Using platform encoding (US-ASCII actually) to copy filtered resources, i.e. build is platform dependent!
2014-05-04 16:13:23,383 [Worker-82] INFO  o.e.m.c.i.embedder.EclipseLogger - Copying 0 resource
2014-05-04 16:13:23,385 [Worker-82] WARN  o.e.m.c.i.embedder.EclipseLogger - Using platform encoding (US-ASCII actually) to copy filtered resources, i.e. build is platform dependent!
2014-05-04 16:13:23,385 [Worker-82] INFO  o.e.m.c.i.embedder.EclipseLogger - Copying 0 resource
2014-05-04 16:22:03,157 [Worker-86] WARN  o.e.m.c.i.embedder.EclipseLogger - Using platform encoding (US-ASCII actually) to copy filtered resources, i.e. build is platform dependent!
2014-05-04 16:22:03,158 [Worker-86] INFO  o.e.m.c.i.embedder.EclipseLogger - Copying 0 resource
2014-05-04 16:22:03,159 [Worker-86] WARN  o.e.m.c.i.embedder.EclipseLogger - Using platform encoding (US-ASCII actually) to copy filtered resources, i.e. build is platform dependent!
2014-05-04 16:22:03,160 [Worker-86] INFO  o.e.m.c.i.embedder.EclipseLogger - Copying 0 resource
2014-05-04 16:22:10,860 [Worker-90] WARN  o.e.m.c.i.embedder.EclipseLogger - Using platform encoding (US-ASCII actually) to copy filtered resources, i.e. build is platform dependent!
2014-05-04 16:22:10,866 [Worker-90] INFO  o.e.m.c.i.embedder.EclipseLogger - Copying 0 resource
2014-05-04 16:22:10,869 [Worker-90] WARN  o.e.m.c.i.embedder.EclipseLogger - Using platform encoding (US-ASCII actually) to copy filtered resources, i.e. build is platform dependent!
2014-05-04 16:22:10,870 [Worker-90] INFO  o.e.m.c.i.embedder.EclipseLogger - Copying 0 resource
2014-05-04 16:22:24,854 [Worker-82] WARN  o.e.m.c.i.embedder.EclipseLogger - Using platform encoding (US-ASCII actually) to copy filtered resources, i.e. build is platform dependent!
2014-05-04 16:22:24,858 [Worker-82] INFO  o.e.m.c.i.embedder.EclipseLogger - Copying 0 resource
2014-05-04 16:22:24,862 [Worker-82] WARN  o.e.m.c.i.embedder.EclipseLogger - Using platform encoding (US-ASCII actually) to copy filtered resources, i.e. build is platform dependent!
2014-05-04 16:22:24,863 [Worker-82] INFO  o.e.m.c.i.embedder.EclipseLogger - Copying 0 resource
2014-05-04 16:22:30,612 [Worker-90] WARN  o.e.m.c.i.embedder.EclipseLogger - Using platform encoding (US-ASCII actually) to copy filtered resources, i.e. build is platform dependent!
2014-05-04 16:22:30,613 [Worker-90] INFO  o.e.m.c.i.embedder.EclipseLogger - Copying 0 resource
2014-05-04 16:22:30,614 [Worker-90] WARN  o.e.m.c.i.embedder.EclipseLogger - Using platform encoding (US-ASCII actually) to copy filtered resources, i.e. build is platform dependent!
2014-05-04 16:22:30,615 [Worker-90] INFO  o.e.m.c.i.embedder.EclipseLogger - Copying 0 resource
2014-05-04 16:23:16,573 [Worker-90] WARN  o.e.m.c.i.embedder.EclipseLogger - Using platform encoding (US-ASCII actually) to copy filtered resources, i.e. build is platform dependent!
2014-05-04 16:23:16,574 [Worker-90] INFO  o.e.m.c.i.embedder.EclipseLogger - Copying 0 resource
2014-05-04 16:23:16,575 [Worker-90] WARN  o.e.m.c.i.embedder.EclipseLogger - Using platform encoding (US-ASCII actually) to copy filtered resources, i.e. build is platform dependent!
2014-05-04 16:23:16,576 [Worker-90] INFO  o.e.m.c.i.embedder.EclipseLogger - Copying 0 resource
2014-05-04 16:24:10,319 [Worker-89] WARN  o.e.m.c.i.embedder.EclipseLogger - Using platform encoding (US-ASCII actually) to copy filtered resources, i.e. build is platform dependent!
2014-05-04 16:24:10,320 [Worker-89] INFO  o.e.m.c.i.embedder.EclipseLogger - Copying 0 resource
2014-05-04 16:24:10,321 [Worker-89] WARN  o.e.m.c.i.embedder.EclipseLogger - Using platform encoding (US-ASCII actually) to copy filtered resources, i.e. build is platform dependent!
2014-05-04 16:24:10,322 [Worker-89] INFO  o.e.m.c.i.embedder.EclipseLogger - Copying 0 resource
2014-05-04 16:24:12,367 [Worker-86] WARN  o.e.m.c.i.embedder.EclipseLogger - Using platform encoding (US-ASCII actually) to copy filtered resources, i.e. build is platform dependent!
2014-05-04 16:24:12,368 [Worker-86] INFO  o.e.m.c.i.embedder.EclipseLogger - Copying 0 resource
2014-05-04 16:24:12,369 [Worker-86] WARN  o.e.m.c.i.embedder.EclipseLogger - Using platform encoding (US-ASCII actually) to copy filtered resources, i.e. build is platform dependent!
2014-05-04 16:24:12,396 [Worker-86] INFO  o.e.m.c.i.embedder.EclipseLogger - Copying 0 resource
2014-05-04 16:24:25,661 [Worker-82] WARN  o.e.m.c.i.embedder.EclipseLogger - Using platform encoding (US-ASCII actually) to copy filtered resources, i.e. build is platform dependent!
2014-05-04 16:24:25,661 [Worker-82] INFO  o.e.m.c.i.embedder.EclipseLogger - Copying 0 resource
2014-05-04 16:24:25,671 [Worker-82] WARN  o.e.m.c.i.embedder.EclipseLogger - Using platform encoding (US-ASCII actually) to copy filtered resources, i.e. build is platform dependent!
2014-05-04 16:24:25,672 [Worker-82] INFO  o.e.m.c.i.embedder.EclipseLogger - Copying 0 resource
2014-05-04 16:25:32,146 [Worker-79] WARN  o.e.m.c.i.embedder.EclipseLogger - Using platform encoding (US-ASCII actually) to copy filtered resources, i.e. build is platform dependent!
2014-05-04 16:25:32,146 [Worker-79] INFO  o.e.m.c.i.embedder.EclipseLogger - Copying 0 resource
2014-05-04 16:25:32,148 [Worker-79] WARN  o.e.m.c.i.embedder.EclipseLogger - Using platform encoding (US-ASCII actually) to copy filtered resources, i.e. build is platform dependent!
2014-05-04 16:25:32,148 [Worker-79] INFO  o.e.m.c.i.embedder.EclipseLogger - Copying 0 resource
2014-05-04 16:27:20,410 [Worker-82] WARN  o.e.m.c.i.embedder.EclipseLogger - Using platform encoding (US-ASCII actually) to copy filtered resources, i.e. build is platform dependent!
2014-05-04 16:27:20,411 [Worker-82] INFO  o.e.m.c.i.embedder.EclipseLogger - Copying 0 resource
2014-05-04 16:27:20,413 [Worker-82] WARN  o.e.m.c.i.embedder.EclipseLogger - Using platform encoding (US-ASCII actually) to copy filtered resources, i.e. build is platform dependent!
2014-05-04 16:27:20,413 [Worker-82] INFO  o.e.m.c.i.embedder.EclipseLogger - Copying 0 resource
2014-05-04 16:29:17,169 [Worker-82] WARN  o.e.m.c.i.embedder.EclipseLogger - Using platform encoding (US-ASCII actually) to copy filtered resources, i.e. build is platform dependent!
2014-05-04 16:29:17,170 [Worker-82] INFO  o.e.m.c.i.embedder.EclipseLogger - Copying 0 resource
2014-05-04 16:29:17,172 [Worker-82] WARN  o.e.m.c.i.embedder.EclipseLogger - Using platform encoding (US-ASCII actually) to copy filtered resources, i.e. build is platform dependent!
2014-05-04 16:29:17,172 [Worker-82] INFO  o.e.m.c.i.embedder.EclipseLogger - Copying 0 resource
2014-05-04 16:30:21,591 [Worker-82] WARN  o.e.m.c.i.embedder.EclipseLogger - Using platform encoding (US-ASCII actually) to copy filtered resources, i.e. build is platform dependent!
2014-05-04 16:30:21,592 [Worker-82] INFO  o.e.m.c.i.embedder.EclipseLogger - Copying 0 resource
2014-05-04 16:30:21,593 [Worker-82] WARN  o.e.m.c.i.embedder.EclipseLogger - Using platform encoding (US-ASCII actually) to copy filtered resources, i.e. build is platform dependent!
2014-05-04 16:30:21,594 [Worker-82] INFO  o.e.m.c.i.embedder.EclipseLogger - Copying 0 resource
2014-05-04 16:31:08,435 [Worker-91] WARN  o.e.m.c.i.embedder.EclipseLogger - Using platform encoding (US-ASCII actually) to copy filtered resources, i.e. build is platform dependent!
2014-05-04 16:31:08,436 [Worker-91] INFO  o.e.m.c.i.embedder.EclipseLogger - Copying 0 resource
2014-05-04 16:31:08,437 [Worker-91] WARN  o.e.m.c.i.embedder.EclipseLogger - Using platform encoding (US-ASCII actually) to copy filtered resources, i.e. build is platform dependent!
2014-05-04 16:31:08,438 [Worker-91] INFO  o.e.m.c.i.embedder.EclipseLogger - Copying 0 resource
2014-05-04 16:32:07,247 [Worker-88] WARN  o.e.m.c.i.embedder.EclipseLogger - Using platform encoding (US-ASCII actually) to copy filtered resources, i.e. build is platform dependent!
2014-05-04 16:32:07,247 [Worker-88] INFO  o.e.m.c.i.embedder.EclipseLogger - Copying 0 resource
2014-05-04 16:32:07,249 [Worker-88] WARN  o.e.m.c.i.embedder.EclipseLogger - Using platform encoding (US-ASCII actually) to copy filtered resources, i.e. build is platform dependent!
2014-05-04 16:32:07,249 [Worker-88] INFO  o.e.m.c.i.embedder.EclipseLogger - Copying 0 resource
2014-05-04 16:32:49,197 [Worker-91] WARN  o.e.m.c.i.embedder.EclipseLogger - Using platform encoding (US-ASCII actually) to copy filtered resources, i.e. build is platform dependent!
2014-05-04 16:32:49,198 [Worker-91] INFO  o.e.m.c.i.embedder.EclipseLogger - Copying 0 resource
2014-05-04 16:32:49,200 [Worker-91] WARN  o.e.m.c.i.embedder.EclipseLogger - Using platform encoding (US-ASCII actually) to copy filtered resources, i.e. build is platform dependent!
2014-05-04 16:32:49,339 [Worker-91] INFO  o.e.m.c.i.embedder.EclipseLogger - Copying 0 resource
2014-05-04 16:33:04,970 [Worker-89] WARN  o.e.m.c.i.embedder.EclipseLogger - Using platform encoding (US-ASCII actually) to copy filtered resources, i.e. build is platform dependent!
2014-05-04 16:33:04,970 [Worker-89] INFO  o.e.m.c.i.embedder.EclipseLogger - Copying 0 resource
2014-05-04 16:33:04,972 [Worker-89] WARN  o.e.m.c.i.embedder.EclipseLogger - Using platform encoding (US-ASCII actually) to copy filtered resources, i.e. build is platform dependent!
2014-05-04 16:33:04,972 [Worker-89] INFO  o.e.m.c.i.embedder.EclipseLogger - Copying 0 resource
2014-05-04 16:33:09,011 [Worker-79] WARN  o.e.m.c.i.embedder.EclipseLogger - Using platform encoding (US-ASCII actually) to copy filtered resources, i.e. build is platform dependent!
2014-05-04 16:33:09,011 [Worker-79] INFO  o.e.m.c.i.embedder.EclipseLogger - Copying 0 resource
2014-05-04 16:33:09,013 [Worker-79] WARN  o.e.m.c.i.embedder.EclipseLogger - Using platform encoding (US-ASCII actually) to copy filtered resources, i.e. build is platform dependent!
2014-05-04 16:33:09,013 [Worker-79] INFO  o.e.m.c.i.embedder.EclipseLogger - Copying 0 resource
2014-05-04 16:34:37,237 [Worker-82] WARN  o.e.m.c.i.embedder.EclipseLogger - Using platform encoding (US-ASCII actually) to copy filtered resources, i.e. build is platform dependent!
2014-05-04 16:34:37,238 [Worker-82] INFO  o.e.m.c.i.embedder.EclipseLogger - Copying 0 resource
2014-05-04 16:34:37,239 [Worker-82] WARN  o.e.m.c.i.embedder.EclipseLogger - Using platform encoding (US-ASCII actually) to copy filtered resources, i.e. build is platform dependent!
2014-05-04 16:34:37,240 [Worker-82] INFO  o.e.m.c.i.embedder.EclipseLogger - Copying 0 resource
2014-05-04 16:42:18,474 [Worker-94] WARN  o.e.m.c.i.embedder.EclipseLogger - Using platform encoding (US-ASCII actually) to copy filtered resources, i.e. build is platform dependent!
2014-05-04 16:42:18,475 [Worker-94] INFO  o.e.m.c.i.embedder.EclipseLogger - Copying 0 resource
2014-05-04 16:42:18,477 [Worker-94] WARN  o.e.m.c.i.embedder.EclipseLogger - Using platform encoding (US-ASCII actually) to copy filtered resources, i.e. build is platform dependent!
2014-05-04 16:42:18,477 [Worker-94] INFO  o.e.m.c.i.embedder.EclipseLogger - Copying 0 resource
2014-05-04 16:43:43,407 [Worker-93] WARN  o.e.m.c.i.embedder.EclipseLogger - Using platform encoding (US-ASCII actually) to copy filtered resources, i.e. build is platform dependent!
2014-05-04 16:43:43,408 [Worker-93] INFO  o.e.m.c.i.embedder.EclipseLogger - Copying 0 resource
2014-05-04 16:43:43,409 [Worker-93] WARN  o.e.m.c.i.embedder.EclipseLogger - Using platform encoding (US-ASCII actually) to copy filtered resources, i.e. build is platform dependent!
2014-05-04 16:43:43,410 [Worker-93] INFO  o.e.m.c.i.embedder.EclipseLogger - Copying 0 resource
2014-05-04 16:45:12,293 [Worker-93] WARN  o.e.m.c.i.embedder.EclipseLogger - Using platform encoding (US-ASCII actually) to copy filtered resources, i.e. build is platform dependent!
2014-05-04 16:45:12,293 [Worker-93] INFO  o.e.m.c.i.embedder.EclipseLogger - Copying 0 resource
2014-05-04 16:45:12,295 [Worker-93] WARN  o.e.m.c.i.embedder.EclipseLogger - Using platform encoding (US-ASCII actually) to copy filtered resources, i.e. build is platform dependent!
2014-05-04 16:45:12,295 [Worker-93] INFO  o.e.m.c.i.embedder.EclipseLogger - Copying 0 resource
2014-05-04 16:47:17,177 [Worker-97] WARN  o.e.m.c.i.embedder.EclipseLogger - Using platform encoding (US-ASCII actually) to copy filtered resources, i.e. build is platform dependent!
2014-05-04 16:47:17,178 [Worker-97] INFO  o.e.m.c.i.embedder.EclipseLogger - Copying 0 resource
2014-05-04 16:47:17,180 [Worker-97] WARN  o.e.m.c.i.embedder.EclipseLogger - Using platform encoding (US-ASCII actually) to copy filtered resources, i.e. build is platform dependent!
2014-05-04 16:47:17,180 [Worker-97] INFO  o.e.m.c.i.embedder.EclipseLogger - Copying 0 resource
2014-05-04 16:47:51,146 [Worker-99] WARN  o.e.m.c.i.embedder.EclipseLogger - Using platform encoding (US-ASCII actually) to copy filtered resources, i.e. build is platform dependent!
2014-05-04 16:47:51,153 [Worker-99] INFO  o.e.m.c.i.embedder.EclipseLogger - Copying 0 resource
2014-05-04 16:47:51,155 [Worker-99] WARN  o.e.m.c.i.embedder.EclipseLogger - Using platform encoding (US-ASCII actually) to copy filtered resources, i.e. build is platform dependent!
2014-05-04 16:47:51,155 [Worker-99] INFO  o.e.m.c.i.embedder.EclipseLogger - Copying 0 resource
2014-05-04 16:47:59,488 [Worker-97] WARN  o.e.m.c.i.embedder.EclipseLogger - Using platform encoding (US-ASCII actually) to copy filtered resources, i.e. build is platform dependent!
2014-05-04 16:47:59,489 [Worker-97] INFO  o.e.m.c.i.embedder.EclipseLogger - Copying 0 resource
2014-05-04 16:47:59,490 [Worker-97] WARN  o.e.m.c.i.embedder.EclipseLogger - Using platform encoding (US-ASCII actually) to copy filtered resources, i.e. build is platform dependent!
2014-05-04 16:47:59,491 [Worker-97] INFO  o.e.m.c.i.embedder.EclipseLogger - Copying 0 resource
2014-05-04 16:55:49,951 [Worker-104] WARN  o.e.m.c.i.embedder.EclipseLogger - Using platform encoding (US-ASCII actually) to copy filtered resources, i.e. build is platform dependent!
2014-05-04 16:55:49,974 [Worker-104] INFO  o.e.m.c.i.embedder.EclipseLogger - Copying 0 resource
2014-05-04 16:55:49,976 [Worker-104] WARN  o.e.m.c.i.embedder.EclipseLogger - Using platform encoding (US-ASCII actually) to copy filtered resources, i.e. build is platform dependent!
2014-05-04 16:55:49,976 [Worker-104] INFO  o.e.m.c.i.embedder.EclipseLogger - Copying 0 resource
2014-05-04 16:56:03,804 [Worker-104] WARN  o.e.m.c.i.embedder.EclipseLogger - Using platform encoding (US-ASCII actually) to copy filtered resources, i.e. build is platform dependent!
2014-05-04 16:56:03,805 [Worker-104] INFO  o.e.m.c.i.embedder.EclipseLogger - Copying 0 resource
2014-05-04 16:56:03,808 [Worker-104] WARN  o.e.m.c.i.embedder.EclipseLogger - Using platform encoding (US-ASCII actually) to copy filtered resources, i.e. build is platform dependent!
2014-05-04 16:56:03,808 [Worker-104] INFO  o.e.m.c.i.embedder.EclipseLogger - Copying 0 resource
2014-05-04 17:16:03,545 [Worker-6] WARN  o.e.m.c.i.embedder.EclipseLogger - Using platform encoding (US-ASCII actually) to copy filtered resources, i.e. build is platform dependent!
2014-05-04 17:16:03,574 [Worker-6] INFO  o.e.m.c.i.embedder.EclipseLogger - Copying 3 resources
2014-05-04 17:16:03,619 [Worker-6] WARN  o.e.m.c.i.embedder.EclipseLogger - Using platform encoding (US-ASCII actually) to copy filtered resources, i.e. build is platform dependent!
2014-05-04 17:16:03,620 [Worker-6] INFO  o.e.m.c.i.embedder.EclipseLogger - Copying 1 resource
2014-05-04 17:16:13,477 [Worker-2] WARN  o.e.m.c.i.embedder.EclipseLogger - Using platform encoding (US-ASCII actually) to copy filtered resources, i.e. build is platform dependent!
2014-05-04 17:16:13,481 [Worker-2] INFO  o.e.m.c.i.embedder.EclipseLogger - Copying 0 resource
2014-05-04 17:16:13,484 [Worker-2] WARN  o.e.m.c.i.embedder.EclipseLogger - Using platform encoding (US-ASCII actually) to copy filtered resources, i.e. build is platform dependent!
2014-05-04 17:16:13,485 [Worker-2] INFO  o.e.m.c.i.embedder.EclipseLogger - Copying 0 resource
2014-05-04 17:17:26,613 [Worker-1] WARN  o.e.m.c.i.embedder.EclipseLogger - Using platform encoding (US-ASCII actually) to copy filtered resources, i.e. build is platform dependent!
2014-05-04 17:17:26,614 [Worker-1] INFO  o.e.m.c.i.embedder.EclipseLogger - Copying 0 resource
2014-05-04 17:17:26,616 [Worker-1] WARN  o.e.m.c.i.embedder.EclipseLogger - Using platform encoding (US-ASCII actually) to copy filtered resources, i.e. build is platform dependent!
2014-05-04 17:17:26,617 [Worker-1] INFO  o.e.m.c.i.embedder.EclipseLogger - Copying 0 resource
2014-05-04 17:39:37,367 [Worker-10] WARN  o.e.m.c.i.embedder.EclipseLogger - Using platform encoding (US-ASCII actually) to copy filtered resources, i.e. build is platform dependent!
2014-05-04 17:39:37,390 [Worker-10] INFO  o.e.m.c.i.embedder.EclipseLogger - Copying 0 resource
2014-05-04 17:39:37,392 [Worker-10] WARN  o.e.m.c.i.embedder.EclipseLogger - Using platform encoding (US-ASCII actually) to copy filtered resources, i.e. build is platform dependent!
2014-05-04 17:39:37,392 [Worker-10] INFO  o.e.m.c.i.embedder.EclipseLogger - Copying 0 resource
